<?xml version="1.0" encoding="UTF-8"?>
<!-- Generated by org.testng.reporters.JUnitReportReporter -->
<testsuite skipped="0" hostname="Krish-Surface" name="BELSTAFF.homepage" tests="1" failures="0" timestamp="11 Oct 2019 16:55:12 GMT" time="20.851" errors="0">
  <testcase name="homepageTesting" time="20.851" classname="BELSTAFF.homepage"/>
</testsuite> <!-- BELSTAFF.homepage -->
